app/build/intermediates/manifest_merge_blame_file/debug/manifest-merger-blame-debug-report.txt
1<?xml version="1.0" encoding="utf-8"?>
2<manifest xmlns:android="http://schemas.android.com/apk/res/android"
3    package="com.transbuddy.app"
4    android:versionCode="1"
5    android:versionName="1.0" >
6
7    <uses-sdk
8        android:minSdkVersion="24"
9        android:targetSdkVersion="34" />
10
11    <!-- Network & Location Permissions -->
12    <uses-permission android:name="android.permission.INTERNET" />
12-->src\main\AndroidManifest.xml:6:5-67
12-->src\main\AndroidManifest.xml:6:22-64
13    <uses-permission android:name="android.permission.ACCESS_NETWORK_STATE" />
13-->src\main\AndroidManifest.xml:7:5-79
13-->src\main\AndroidManifest.xml:7:22-76
14    <uses-permission android:name="android.permission.ACCESS_FINE_LOCATION" />
14-->src\main\AndroidManifest.xml:8:5-79
14-->src\main\AndroidManifest.xml:8:22-76
15    <uses-permission android:name="android.permission.ACCESS_COARSE_LOCATION" />
15-->src\main\AndroidManifest.xml:9:5-81
15-->src\main\AndroidManifest.xml:9:22-78
16
17    <uses-feature
17-->[com.google.android.gms:play-services-maps:18.2.0] AndroidManifest.xml:26:5-28:35
18        android:glEsVersion="0x00020000"
18-->[com.google.android.gms:play-services-maps:18.2.0] AndroidManifest.xml:27:9-41
19        android:required="true" />
19-->[com.google.android.gms:play-services-maps:18.2.0] AndroidManifest.xml:28:9-32
20
21    <queries>
21-->[com.google.android.gms:play-services-maps:18.2.0] AndroidManifest.xml:30:5-34:15
22
23        <!-- Needs to be explicitly declared on Android R+ -->
24        <package android:name="com.google.android.apps.maps" />
24-->[com.google.android.gms:play-services-maps:18.2.0] AndroidManifest.xml:33:9-64
24-->[com.google.android.gms:play-services-maps:18.2.0] AndroidManifest.xml:33:18-61
25    </queries>
26
27    <permission
27-->[androidx.core:core:1.12.0] AndroidManifest.xml:22:5-24:47
28        android:name="com.transbuddy.app.DYNAMIC_RECEIVER_NOT_EXPORTED_PERMISSION"
28-->[androidx.core:core:1.12.0] AndroidManifest.xml:23:9-81
29        android:protectionLevel="signature" />
29-->[androidx.core:core:1.12.0] AndroidManifest.xml:24:9-44
30
31    <uses-permission android:name="com.transbuddy.app.DYNAMIC_RECEIVER_NOT_EXPORTED_PERMISSION" />
31-->[androidx.core:core:1.12.0] AndroidManifest.xml:26:5-97
31-->[androidx.core:core:1.12.0] AndroidManifest.xml:26:22-94
32
33    <application
33-->src\main\AndroidManifest.xml:11:5-80:19
34        android:allowBackup="true"
34-->src\main\AndroidManifest.xml:12:9-35
35        android:appComponentFactory="androidx.core.app.CoreComponentFactory"
35-->[androidx.core:core:1.12.0] AndroidManifest.xml:28:18-86
36        android:dataExtractionRules="@xml/data_extraction_rules"
36-->src\main\AndroidManifest.xml:13:9-65
37        android:debuggable="true"
38        android:extractNativeLibs="false"
39        android:fullBackupContent="@xml/backup_rules"
39-->src\main\AndroidManifest.xml:14:9-54
40        android:icon="@drawable/ic_launcher"
40-->src\main\AndroidManifest.xml:15:9-45
41        android:label="@string/app_name"
41-->src\main\AndroidManifest.xml:16:9-41
42        android:roundIcon="@drawable/ic_launcher"
42-->src\main\AndroidManifest.xml:17:9-50
43        android:supportsRtl="true"
43-->src\main\AndroidManifest.xml:18:9-35
44        android:testOnly="true"
45        android:theme="@style/Theme.TransbuddyApp"
45-->src\main\AndroidManifest.xml:19:9-51
46        android:usesCleartextTraffic="true" >
46-->src\main\AndroidManifest.xml:20:9-44
47
48        <!-- Google Maps API Key Meta-Data -->
49        <meta-data
49-->src\main\AndroidManifest.xml:24:9-26:71
50            android:name="com.google.android.geo.API_KEY"
50-->src\main\AndroidManifest.xml:25:13-58
51            android:value="AIzaSyDe5pFoiZuP1zGA2yR8amD4iRl5nVlzfqg" />
51-->src\main\AndroidManifest.xml:26:13-68
52
53        <!-- Fleet Dashboard (Launcher) -->
54        <activity
54-->src\main\AndroidManifest.xml:29:9-36:20
55            android:name="com.transbuddy.app.controllers.MainActivity"
55-->src\main\AndroidManifest.xml:30:13-53
56            android:exported="true" >
56-->src\main\AndroidManifest.xml:31:13-36
57            <intent-filter>
57-->src\main\AndroidManifest.xml:32:13-35:29
58                <action android:name="android.intent.action.MAIN" />
58-->src\main\AndroidManifest.xml:33:17-69
58-->src\main\AndroidManifest.xml:33:25-66
59
60                <category android:name="android.intent.category.LAUNCHER" />
60-->src\main\AndroidManifest.xml:34:17-77
60-->src\main\AndroidManifest.xml:34:27-74
61            </intent-filter>
62        </activity>
63
64        <!-- Fuel & KM Logs -->
65        <activity
65-->src\main\AndroidManifest.xml:39:9-42:70
66            android:name="com.transbuddy.app.controllers.FuelLogsActivity"
66-->src\main\AndroidManifest.xml:40:13-57
67            android:exported="false"
67-->src\main\AndroidManifest.xml:41:13-37
68            android:parentActivityName="com.transbuddy.app.controllers.MainActivity" />
68-->src\main\AndroidManifest.xml:42:13-67
69
70        <!-- Penalties & Fines -->
71        <activity
71-->src\main\AndroidManifest.xml:45:9-48:70
72            android:name="com.transbuddy.app.controllers.PenaltiesActivity"
72-->src\main\AndroidManifest.xml:46:13-58
73            android:exported="false"
73-->src\main\AndroidManifest.xml:47:13-37
74            android:parentActivityName="com.transbuddy.app.controllers.MainActivity" />
74-->src\main\AndroidManifest.xml:48:13-67
75
76        <!-- Driver Operations / Driver Hub -->
77        <activity
77-->src\main\AndroidManifest.xml:51:9-54:70
78            android:name="com.transbuddy.app.controllers.OperationsActivity"
78-->src\main\AndroidManifest.xml:52:13-59
79            android:exported="false"
79-->src\main\AndroidManifest.xml:53:13-37
80            android:parentActivityName="com.transbuddy.app.controllers.MainActivity" />
80-->src\main\AndroidManifest.xml:54:13-67
81
82        <!-- Violations & Fee Alerts -->
83        <activity
83-->src\main\AndroidManifest.xml:57:9-60:70
84            android:name="com.transbuddy.app.controllers.ViolationsActivity"
84-->src\main\AndroidManifest.xml:58:13-59
85            android:exported="false"
85-->src\main\AndroidManifest.xml:59:13-37
86            android:parentActivityName="com.transbuddy.app.controllers.MainActivity" />
86-->src\main\AndroidManifest.xml:60:13-67
87
88        <!-- Home Search Hub (GR & Pickup Point Search) -->
89        <activity
89-->src\main\AndroidManifest.xml:63:9-66:70
90            android:name="com.transbuddy.app.controllers.HomeSearchActivity"
90-->src\main\AndroidManifest.xml:64:13-59
91            android:exported="false"
91-->src\main\AndroidManifest.xml:65:13-37
92            android:parentActivityName="com.transbuddy.app.controllers.MainActivity" />
92-->src\main\AndroidManifest.xml:66:13-67
93
94        <!-- Student Profile & Penalty Activity -->
95        <activity
95-->src\main\AndroidManifest.xml:69:9-72:76
96            android:name="com.transbuddy.app.controllers.StudentDetailActivity"
96-->src\main\AndroidManifest.xml:70:13-62
97            android:exported="false"
97-->src\main\AndroidManifest.xml:71:13-37
98            android:parentActivityName="com.transbuddy.app.controllers.HomeSearchActivity" />
98-->src\main\AndroidManifest.xml:72:13-73
99
100        <!-- Emergency Notifications -->
101        <activity
101-->src\main\AndroidManifest.xml:75:9-78:70
102            android:name="com.transbuddy.app.controllers.EmergencyNotificationsActivity"
102-->src\main\AndroidManifest.xml:76:13-71
103            android:exported="false"
103-->src\main\AndroidManifest.xml:77:13-37
104            android:parentActivityName="com.transbuddy.app.controllers.MainActivity" />
104-->src\main\AndroidManifest.xml:78:13-67
105
106        <!-- Needs to be explicitly declared on P+ -->
107        <uses-library
107-->[com.google.android.gms:play-services-maps:18.2.0] AndroidManifest.xml:39:9-41:40
108            android:name="org.apache.http.legacy"
108-->[com.google.android.gms:play-services-maps:18.2.0] AndroidManifest.xml:40:13-50
109            android:required="false" />
109-->[com.google.android.gms:play-services-maps:18.2.0] AndroidManifest.xml:41:13-37
110
111        <activity
111-->[com.google.android.gms:play-services-base:18.0.1] AndroidManifest.xml:20:9-22:45
112            android:name="com.google.android.gms.common.api.GoogleApiActivity"
112-->[com.google.android.gms:play-services-base:18.0.1] AndroidManifest.xml:20:19-85
113            android:exported="false"
113-->[com.google.android.gms:play-services-base:18.0.1] AndroidManifest.xml:22:19-43
114            android:theme="@android:style/Theme.Translucent.NoTitleBar" />
114-->[com.google.android.gms:play-services-base:18.0.1] AndroidManifest.xml:21:19-78
115
116        <meta-data
116-->[com.google.android.gms:play-services-basement:18.0.0] AndroidManifest.xml:21:9-23:69
117            android:name="com.google.android.gms.version"
117-->[com.google.android.gms:play-services-basement:18.0.0] AndroidManifest.xml:22:13-58
118            android:value="@integer/google_play_services_version" />
118-->[com.google.android.gms:play-services-basement:18.0.0] AndroidManifest.xml:23:13-66
119
120        <provider
120-->[androidx.emoji2:emoji2:1.2.0] AndroidManifest.xml:24:9-32:20
121            android:name="androidx.startup.InitializationProvider"
121-->[androidx.emoji2:emoji2:1.2.0] AndroidManifest.xml:25:13-67
122            android:authorities="com.transbuddy.app.androidx-startup"
122-->[androidx.emoji2:emoji2:1.2.0] AndroidManifest.xml:26:13-68
123            android:exported="false" >
123-->[androidx.emoji2:emoji2:1.2.0] AndroidManifest.xml:27:13-37
124            <meta-data
124-->[androidx.emoji2:emoji2:1.2.0] AndroidManifest.xml:29:13-31:52
125                android:name="androidx.emoji2.text.EmojiCompatInitializer"
125-->[androidx.emoji2:emoji2:1.2.0] AndroidManifest.xml:30:17-75
126                android:value="androidx.startup" />
126-->[androidx.emoji2:emoji2:1.2.0] AndroidManifest.xml:31:17-49
127            <meta-data
127-->[androidx.lifecycle:lifecycle-process:2.6.1] AndroidManifest.xml:29:13-31:52
128                android:name="androidx.lifecycle.ProcessLifecycleInitializer"
128-->[androidx.lifecycle:lifecycle-process:2.6.1] AndroidManifest.xml:30:17-78
129                android:value="androidx.startup" />
129-->[androidx.lifecycle:lifecycle-process:2.6.1] AndroidManifest.xml:31:17-49
130            <meta-data
130-->[androidx.profileinstaller:profileinstaller:1.3.0] AndroidManifest.xml:29:13-31:52
131                android:name="androidx.profileinstaller.ProfileInstallerInitializer"
131-->[androidx.profileinstaller:profileinstaller:1.3.0] AndroidManifest.xml:30:17-85
132                android:value="androidx.startup" />
132-->[androidx.profileinstaller:profileinstaller:1.3.0] AndroidManifest.xml:31:17-49
133        </provider>
134
135        <receiver
135-->[androidx.profileinstaller:profileinstaller:1.3.0] AndroidManifest.xml:34:9-52:20
136            android:name="androidx.profileinstaller.ProfileInstallReceiver"
136-->[androidx.profileinstaller:profileinstaller:1.3.0] AndroidManifest.xml:35:13-76
137            android:directBootAware="false"
137-->[androidx.profileinstaller:profileinstaller:1.3.0] AndroidManifest.xml:36:13-44
138            android:enabled="true"
138-->[androidx.profileinstaller:profileinstaller:1.3.0] AndroidManifest.xml:37:13-35
139            android:exported="true"
139-->[androidx.profileinstaller:profileinstaller:1.3.0] AndroidManifest.xml:38:13-36
140            android:permission="android.permission.DUMP" >
140-->[androidx.profileinstaller:profileinstaller:1.3.0] AndroidManifest.xml:39:13-57
141            <intent-filter>
141-->[androidx.profileinstaller:profileinstaller:1.3.0] AndroidManifest.xml:40:13-42:29
142                <action android:name="androidx.profileinstaller.action.INSTALL_PROFILE" />
142-->[androidx.profileinstaller:profileinstaller:1.3.0] AndroidManifest.xml:41:17-91
142-->[androidx.profileinstaller:profileinstaller:1.3.0] AndroidManifest.xml:41:25-88
143            </intent-filter>
144            <intent-filter>
144-->[androidx.profileinstaller:profileinstaller:1.3.0] AndroidManifest.xml:43:13-45:29
145                <action android:name="androidx.profileinstaller.action.SKIP_FILE" />
145-->[androidx.profileinstaller:profileinstaller:1.3.0] AndroidManifest.xml:44:17-85
145-->[androidx.profileinstaller:profileinstaller:1.3.0] AndroidManifest.xml:44:25-82
146            </intent-filter>
147            <intent-filter>
147-->[androidx.profileinstaller:profileinstaller:1.3.0] AndroidManifest.xml:46:13-48:29
148                <action android:name="androidx.profileinstaller.action.SAVE_PROFILE" />
148-->[androidx.profileinstaller:profileinstaller:1.3.0] AndroidManifest.xml:47:17-88
148-->[androidx.profileinstaller:profileinstaller:1.3.0] AndroidManifest.xml:47:25-85
149            </intent-filter>
150            <intent-filter>
150-->[androidx.profileinstaller:profileinstaller:1.3.0] AndroidManifest.xml:49:13-51:29
151                <action android:name="androidx.profileinstaller.action.BENCHMARK_OPERATION" />
151-->[androidx.profileinstaller:profileinstaller:1.3.0] AndroidManifest.xml:50:17-95
151-->[androidx.profileinstaller:profileinstaller:1.3.0] AndroidManifest.xml:50:25-92
152            </intent-filter>
153        </receiver>
154    </application>
155
156</manifest>